2017-03-14 16:57:42 -  - exec CUpdateClientPartner::SearchModulesEx
2017-03-14 16:57:42 -  - exec CUpdateClientPartner::__CollectRequestData
2017-03-14 16:57:42 -  - utf=Y&lang=ru&stable=Y&CANGZIP=Y&SUPD_DBS=MYSQL&XE=N&CLIENT_SITE=bitrix.com&LICENSE_KEY=X&SUPD_STS=1&SUPD_URS=0&SUPD_URSA=1&TYPENC=D&CLIENT_PHPVER=5.5.38&NGINX=Y&dbv=5.6.31&instm=main%2C16.5.4%2CY%3Bbitrix.sitecorporate%2C15.0.0%2CN%3Bbitrixcloud%2C16.0.0%2CN%3Bclouds%2C16.0.1%2CN%3Bcompression%2C16.0.0%2CN%3Bfileman%2C16.5.4%2CN%3Bhighloadblock%2C16.0.2%2CN%3Biblock%2C16.5.2%2CN%3Bperfmon%2C16.0.0%2CN%3Bsearch%2C16.0.0%2CN%3Bseo%2C16.0.3%2CN%3Bsocialservices%2C16.5.4%2CN%3Btranslate%2C14.5.0%2CN&search_module_id=&search_module=&search_category=7%2C14&search_type=&search_order=DESC&search_order_by=SORT&search_page=1&SUPD_SRS=RU&SUPD_CMP=N
2017-03-14 16:57:42 -  - exec CUpdateClientPartner::GetHTTPPage
2017-03-14 16:57:44 -  - TIME SearchModulesEx(request) 2.233 sec
2017-03-14 16:57:44 -  - exec CUpdateClientPartner::ParseServerData
2017-03-14 16:58:49 -  - exec CUpdateClientPartner::LoadModulesUpdates
2017-03-14 16:58:49 -  - exec CUpdateClientPartner::__CollectRequestData
2017-03-14 16:58:49 -  - utf=Y&lang=ru&stable=Y&CANGZIP=Y&SUPD_DBS=MYSQL&XE=N&CLIENT_SITE=bitrix.com&LICENSE_KEY=X&SUPD_STS=1&SUPD_URS=0&SUPD_URSA=1&TYPENC=D&CLIENT_PHPVER=5.5.38&NGINX=Y&dbv=5.6.31&instm=main%2C16.5.4%2CY%3Bbitrix.sitecorporate%2C15.0.0%2CN%3Bbitrixcloud%2C16.0.0%2CN%3Bclouds%2C16.0.1%2CN%3Bcompression%2C16.0.0%2CN%3Bfileman%2C16.5.4%2CN%3Bhighloadblock%2C16.0.2%2CN%3Biblock%2C16.5.2%2CN%3Bperfmon%2C16.0.0%2CN%3Bsearch%2C16.0.0%2CN%3Bseo%2C16.0.3%2CN%3Bsocialservices%2C16.5.4%2CN%3Btranslate%2C14.5.0%2CN&reqm=nsandrey.emptyinstall&lim=Y&SUPD_SRS=RU&SUPD_CMP=N
2017-03-14 16:58:49 -  - exec CUpdateClientPartner::GetHTTPPage
2017-03-14 16:58:50 -  - TIME LoadModulesUpdates(request) 0.695 sec
2017-03-14 16:58:50 -  - exec CUpdateClientPartner::ParseServerData
2017-03-14 16:58:50 - S - STEP
2017-03-14 16:58:50 - LM4W01 - loadModule4Wizard-Step
2017-03-14 16:58:50 -  - exec CUpdateClientPartner::LoadModulesUpdates
2017-03-14 16:58:50 -  - exec CUpdateClientPartner::ParseServerData
2017-03-14 16:58:50 -  - loadFile
2017-03-14 16:58:50 - U - RETURN
2017-03-14 16:58:50 -  - exec CUpdateClientPartner::UnGzipArchive
2017-03-14 16:58:50 -  - TIME UnGzipArchive 0.052 sec
2017-03-14 16:58:50 -  - TIME UpdateStepModules 0.063 sec
2017-03-14 16:58:51 -  - exec CUpdateClientPartner::LoadModulesUpdates
2017-03-14 16:58:51 -  - exec CUpdateClientPartner::__CollectRequestData
2017-03-14 16:58:51 -  - utf=Y&lang=ru&stable=Y&CANGZIP=Y&SUPD_DBS=MYSQL&XE=N&CLIENT_SITE=bitrix.com&LICENSE_KEY=X&SUPD_STS=1&SUPD_URS=0&SUPD_URSA=1&TYPENC=D&CLIENT_PHPVER=5.5.38&NGINX=Y&dbv=5.6.31&instm=main%2C16.5.4%2CY%3Bbitrix.sitecorporate%2C15.0.0%2CN%3Bbitrixcloud%2C16.0.0%2CN%3Bclouds%2C16.0.1%2CN%3Bcompression%2C16.0.0%2CN%3Bfileman%2C16.5.4%2CN%3Bhighloadblock%2C16.0.2%2CN%3Biblock%2C16.5.2%2CN%3Bnsandrey.emptyinstall%2C1.0.2%2CN%3Bperfmon%2C16.0.0%2CN%3Bsearch%2C16.0.0%2CN%3Bseo%2C16.0.3%2CN%3Bsocialservices%2C16.5.4%2CN%3Btranslate%2C14.5.0%2CN&reqm=nsandrey.emptyinstall&lim=Y&SUPD_SRS=RU&SUPD_CMP=N
2017-03-14 16:58:51 -  - exec CUpdateClientPartner::GetHTTPPage
2017-03-14 16:58:51 -  - TIME LoadModulesUpdates(request) 0.416 sec
2017-03-14 16:58:51 -  - exec CUpdateClientPartner::ParseServerData
2017-03-14 16:58:51 - STEP - Finish - NOUPDATES
2017-03-14 16:58:51 - LM4W03 - Finish - NOUPDATES
